<?xml version="1.0" encoding="UTF-8"?>
<testng-results skipped="0" failed="0" total="1" passed="1">
  <reporter-output>
  </reporter-output>
  <suite name="Suite1" duration-ms="7115" started-at="2016-01-27T07:35:16Z" finished-at="2016-01-27T07:35:23Z">
    <groups>
    </groups>
    <test name="test" duration-ms="7115" started-at="2016-01-27T07:35:16Z" finished-at="2016-01-27T07:35:23Z">
      <class name="com.biz.jnc.test.NewTest">
        <test-method status="PASS" signature="beforeClass()[pri:0, instance:com.biz.jnc.test.NewTest@6b143ee9]" name="beforeClass" is-config="true" duration-ms="6375" started-at="2016-01-27T15:35:16Z" finished-at="2016-01-27T15:35:22Z">
          <reporter-output>
          </reporter-output>
        </test-method> <!-- beforeClass -->
        <test-method status="PASS" signature="login()[pri:0, instance:com.biz.jnc.test.NewTest@6b143ee9]" name="login" duration-ms="730" started-at="2016-01-27T15:35:22Z" finished-at="2016-01-27T15:35:23Z">
          <reporter-output>
          </reporter-output>
        </test-method> <!-- login -->
        <test-method status="PASS" signature="afterClass()[pri:0, instance:com.biz.jnc.test.NewTest@6b143ee9]" name="afterClass" is-config="true" duration-ms="0" started-at="2016-01-27T15:35:23Z" finished-at="2016-01-27T15:35:23Z">
          <reporter-output>
          </reporter-output>
        </test-method> <!-- afterClass -->
      </class> <!-- com.biz.jnc.test.NewTest -->
    </test> <!-- test -->
  </suite> <!-- Suite1 -->
</testng-results>
