<?xml version="1.0" encoding="UTF-8"?>
<testng-results skipped="0" failed="0" total="1" passed="1">
  <reporter-output>
  </reporter-output>
  <suite name="Suite1" duration-ms="8804" started-at="2016-01-27T08:39:32Z" finished-at="2016-01-27T08:39:41Z">
    <groups>
    </groups>
    <test name="test" duration-ms="8804" started-at="2016-01-27T08:39:32Z" finished-at="2016-01-27T08:39:41Z">
      <class name="com.biz.jnc.test.NewTest">
        <test-method status="PASS" signature="beforeClass()[pri:0, instance:com.biz.jnc.test.NewTest@6b143ee9]" name="beforeClass" is-config="true" duration-ms="6032" started-at="2016-01-27T16:39:32Z" finished-at="2016-01-27T16:39:38Z">
          <reporter-output>
          </reporter-output>
        </test-method> <!-- beforeClass -->
        <test-method status="PASS" signature="login()[pri:0, instance:com.biz.jnc.test.NewTest@6b143ee9]" name="login" duration-ms="725" started-at="2016-01-27T16:39:38Z" finished-at="2016-01-27T16:39:39Z">
          <reporter-output>
          </reporter-output>
        </test-method> <!-- login -->
        <test-method status="PASS" signature="afterClass()[pri:0, instance:com.biz.jnc.test.NewTest@6b143ee9]" name="afterClass" is-config="true" duration-ms="2038" started-at="2016-01-27T16:39:39Z" finished-at="2016-01-27T16:39:41Z">
          <reporter-output>
          </reporter-output>
        </test-method> <!-- afterClass -->
      </class> <!-- com.biz.jnc.test.NewTest -->
    </test> <!-- test -->
  </suite> <!-- Suite1 -->
</testng-results>
